2025-07-21T14:27:45: Bull queue error in conformation-email-queue: Error: read ECONNRESET
2025-07-21T14:27:45:     at TLSWrap.onStreamRead (node:internal/stream_base_commons:216:20) {
2025-07-21T14:27:45:   errno: -4077,
2025-07-21T14:27:45:   code: 'ECONNRESET',
2025-07-21T14:27:45:   syscall: 'read'
2025-07-21T14:27:45: }
2025-07-21T14:27:45: Bull queue error in conformation-email-queue: Error: getaddrinfo ENOTFOUND singapore-keyvalue.render.com
2025-07-21T14:27:45:     at GetAddrInfoReqWrap.onlookup [as oncomplete] (node:dns:111:26) {
2025-07-21T14:27:45:   errno: -3008,
2025-07-21T14:27:45:   code: 'ENOTFOUND',
2025-07-21T14:27:45:   syscall: 'getaddrinfo',
2025-07-21T14:27:45:   hostname: 'singapore-keyvalue.render.com'
2025-07-21T14:27:45: }
2025-07-21T14:27:45: Bull queue error in conformation-email-queue: Error: getaddrinfo ENOTFOUND singapore-keyvalue.render.com
2025-07-21T14:27:45:     at GetAddrInfoReqWrap.onlookup [as oncomplete] (node:dns:111:26) {
2025-07-21T14:27:45:   errno: -3008,
2025-07-21T14:27:45:   code: 'ENOTFOUND',
2025-07-21T14:27:45:   syscall: 'getaddrinfo',
2025-07-21T14:27:45:   hostname: 'singapore-keyvalue.render.com'
2025-07-21T14:27:45: }
2025-07-21T14:27:45: Bull queue error in conformation-email-queue: Error: getaddrinfo ENOTFOUND singapore-keyvalue.render.com
2025-07-21T14:27:45:     at GetAddrInfoReqWrap.onlookup [as oncomplete] (node:dns:111:26) {
2025-07-21T14:27:45:   errno: -3008,
2025-07-21T14:27:45:   code: 'ENOTFOUND',
2025-07-21T14:27:45:   syscall: 'getaddrinfo',
2025-07-21T14:27:45:   hostname: 'singapore-keyvalue.render.com'
2025-07-21T14:27:45: }
2025-07-21T14:27:45: Bull queue error in conformation-email-queue: Error: getaddrinfo ENOTFOUND singapore-keyvalue.render.com
2025-07-21T14:27:45:     at GetAddrInfoReqWrap.onlookup [as oncomplete] (node:dns:111:26) {
2025-07-21T14:27:45:   errno: -3008,
2025-07-21T14:27:45:   code: 'ENOTFOUND',
2025-07-21T14:27:45:   syscall: 'getaddrinfo',
2025-07-21T14:27:45:   hostname: 'singapore-keyvalue.render.com'
2025-07-21T14:27:45: }
2025-07-21T14:27:45: Bull queue error in conformation-email-queue: Error: getaddrinfo ENOTFOUND singapore-keyvalue.render.com
2025-07-21T14:27:45:     at GetAddrInfoReqWrap.onlookup [as oncomplete] (node:dns:111:26) {
2025-07-21T14:27:45:   errno: -3008,
2025-07-21T14:27:45:   code: 'ENOTFOUND',
2025-07-21T14:27:45:   syscall: 'getaddrinfo',
2025-07-21T14:27:45:   hostname: 'singapore-keyvalue.render.com'
2025-07-21T14:27:45: }
2025-07-21T14:27:46: Bull queue error in conformation-email-queue: Error: getaddrinfo ENOTFOUND singapore-keyvalue.render.com
2025-07-21T14:27:46:     at GetAddrInfoReqWrap.onlookup [as oncomplete] (node:dns:111:26) {
2025-07-21T14:27:46:   errno: -3008,
2025-07-21T14:27:46:   code: 'ENOTFOUND',
2025-07-21T14:27:46:   syscall: 'getaddrinfo',
2025-07-21T14:27:46:   hostname: 'singapore-keyvalue.render.com'
2025-07-21T14:27:46: }
2025-07-21T14:27:47: Bull queue error in conformation-email-queue: Error: getaddrinfo ENOTFOUND singapore-keyvalue.render.com
2025-07-21T14:27:47:     at GetAddrInfoReqWrap.onlookup [as oncomplete] (node:dns:111:26) {
2025-07-21T14:27:47:   errno: -3008,
2025-07-21T14:27:47:   code: 'ENOTFOUND',
2025-07-21T14:27:47:   syscall: 'getaddrinfo',
2025-07-21T14:27:47:   hostname: 'singapore-keyvalue.render.com'
2025-07-21T14:27:47: }
2025-07-21T14:27:50: Bull queue error in conformation-email-queue: Error: getaddrinfo ENOTFOUND singapore-keyvalue.render.com
2025-07-21T14:27:50:     at GetAddrInfoReqWrap.onlookup [as oncomplete] (node:dns:111:26) {
2025-07-21T14:27:50:   errno: -3008,
2025-07-21T14:27:50:   code: 'ENOTFOUND',
2025-07-21T14:27:50:   syscall: 'getaddrinfo',
2025-07-21T14:27:50:   hostname: 'singapore-keyvalue.render.com'
2025-07-21T14:27:50: }
2025-07-21T14:27:58: Bull queue error in conformation-email-queue: Error: getaddrinfo ENOTFOUND singapore-keyvalue.render.com
2025-07-21T14:27:58:     at GetAddrInfoReqWrap.onlookup [as oncomplete] (node:dns:111:26) {
2025-07-21T14:27:58:   errno: -3008,
2025-07-21T14:27:58:   code: 'ENOTFOUND',
2025-07-21T14:27:58:   syscall: 'getaddrinfo',
2025-07-21T14:27:58:   hostname: 'singapore-keyvalue.render.com'
2025-07-21T14:27:58: }
2025-07-21T14:28:18: Bull queue error in conformation-email-queue: Error: getaddrinfo ENOTFOUND singapore-keyvalue.render.com
2025-07-21T14:28:18:     at GetAddrInfoReqWrap.onlookup [as oncomplete] (node:dns:111:26) {
2025-07-21T14:28:18:   errno: -3008,
2025-07-21T14:28:18:   code: 'ENOTFOUND',
2025-07-21T14:28:18:   syscall: 'getaddrinfo',
2025-07-21T14:28:18:   hostname: 'singapore-keyvalue.render.com'
2025-07-21T14:28:18: }
2025-07-21T14:28:38: Bull queue error in conformation-email-queue: Error: getaddrinfo ENOTFOUND singapore-keyvalue.render.com
2025-07-21T14:28:38:     at GetAddrInfoReqWrap.onlookup [as oncomplete] (node:dns:111:26) {
2025-07-21T14:28:38:   errno: -3008,
2025-07-21T14:28:38:   code: 'ENOTFOUND',
2025-07-21T14:28:38:   syscall: 'getaddrinfo',
2025-07-21T14:28:38:   hostname: 'singapore-keyvalue.render.com'
2025-07-21T14:28:38: }
2025-07-21T14:28:58: Bull queue error in conformation-email-queue: Error: getaddrinfo ENOTFOUND singapore-keyvalue.render.com
2025-07-21T14:28:58:     at GetAddrInfoReqWrap.onlookup [as oncomplete] (node:dns:111:26) {
2025-07-21T14:28:58:   errno: -3008,
2025-07-21T14:28:58:   code: 'ENOTFOUND',
2025-07-21T14:28:58:   syscall: 'getaddrinfo',
2025-07-21T14:28:58:   hostname: 'singapore-keyvalue.render.com'
2025-07-21T14:28:58: }
2025-07-21T14:29:30: Bull queue error in conformation-email-queue: Error: connect ETIMEDOUT
2025-07-21T14:29:30:     at TLSSocket.<anonymous> (C:\Users\User\Desktop\application-form-backend\node_modules\.pnpm\ioredis@5.6.1\node_modules\ioredis\built\Redis.js:170:41)
2025-07-21T14:29:30:     at Object.onceWrapper (node:events:632:28)
2025-07-21T14:29:30:     at TLSSocket.emit (node:events:518:28)
2025-07-21T14:29:30:     at Socket._onTimeout (node:net:609:8)
2025-07-21T14:29:30:     at listOnTimeout (node:internal/timers:588:17)
2025-07-21T14:29:30:     at process.processTimers (node:internal/timers:523:7) {
2025-07-21T14:29:30:   errorno: 'ETIMEDOUT',
2025-07-21T14:29:30:   code: 'ETIMEDOUT',
2025-07-21T14:29:30:   syscall: 'connect'
2025-07-21T14:29:30: }
2025-07-21T14:29:57: Bull queue error in conformation-email-queue: Error: read ECONNRESET
2025-07-21T14:29:57:     at TLSWrap.onStreamRead (node:internal/stream_base_commons:216:20) {
2025-07-21T14:29:57:   errno: -4077,
2025-07-21T14:29:57:   code: 'ECONNRESET',
2025-07-21T14:29:57:   syscall: 'read'
2025-07-21T14:29:57: }
2025-07-21T14:29:57: Bull queue error in conformation-email-queue: Error: read ECONNRESET
2025-07-21T14:29:57:     at TLSWrap.onStreamRead (node:internal/stream_base_commons:216:20) {
2025-07-21T14:29:57:   errno: -4077,
2025-07-21T14:29:57:   code: 'ECONNRESET',
2025-07-21T14:29:57:   syscall: 'read'
2025-07-21T14:29:57: }
2025-07-21T14:29:57: Bull queue error in conformation-email-queue: Error: getaddrinfo ENOTFOUND singapore-keyvalue.render.com
2025-07-21T14:29:57:     at GetAddrInfoReqWrap.onlookup [as oncomplete] (node:dns:111:26) {
2025-07-21T14:29:57:   errno: -3008,
2025-07-21T14:29:57:   code: 'ENOTFOUND',
2025-07-21T14:29:57:   syscall: 'getaddrinfo',
2025-07-21T14:29:57:   hostname: 'singapore-keyvalue.render.com'
2025-07-21T14:29:57: }
2025-07-21T14:29:57: Bull queue error in conformation-email-queue: Error: getaddrinfo ENOTFOUND singapore-keyvalue.render.com
2025-07-21T14:29:57:     at GetAddrInfoReqWrap.onlookup [as oncomplete] (node:dns:111:26) {
2025-07-21T14:29:57:   errno: -3008,
2025-07-21T14:29:57:   code: 'ENOTFOUND',
2025-07-21T14:29:57:   syscall: 'getaddrinfo',
2025-07-21T14:29:57:   hostname: 'singapore-keyvalue.render.com'
2025-07-21T14:29:57: }
2025-07-21T14:29:57: Bull queue error in conformation-email-queue: Error: getaddrinfo ENOTFOUND singapore-keyvalue.render.com
2025-07-21T14:29:57:     at GetAddrInfoReqWrap.onlookup [as oncomplete] (node:dns:111:26) {
2025-07-21T14:29:57:   errno: -3008,
2025-07-21T14:29:57:   code: 'ENOTFOUND',
2025-07-21T14:29:57:   syscall: 'getaddrinfo',
2025-07-21T14:29:57:   hostname: 'singapore-keyvalue.render.com'
2025-07-21T14:29:57: }
2025-07-21T14:29:57: Bull queue error in conformation-email-queue: Error: getaddrinfo ENOTFOUND singapore-keyvalue.render.com
2025-07-21T14:29:57:     at GetAddrInfoReqWrap.onlookup [as oncomplete] (node:dns:111:26) {
2025-07-21T14:29:57:   errno: -3008,
2025-07-21T14:29:57:   code: 'ENOTFOUND',
2025-07-21T14:29:57:   syscall: 'getaddrinfo',
2025-07-21T14:29:57:   hostname: 'singapore-keyvalue.render.com'
2025-07-21T14:29:57: }
2025-07-21T14:29:57: Bull queue error in conformation-email-queue: Error: getaddrinfo ENOTFOUND singapore-keyvalue.render.com
2025-07-21T14:29:57:     at GetAddrInfoReqWrap.onlookup [as oncomplete] (node:dns:111:26) {
2025-07-21T14:29:57:   errno: -3008,
2025-07-21T14:29:57:   code: 'ENOTFOUND',
2025-07-21T14:29:57:   syscall: 'getaddrinfo',
2025-07-21T14:29:57:   hostname: 'singapore-keyvalue.render.com'
2025-07-21T14:29:57: }
2025-07-21T14:29:57: Bull queue error in conformation-email-queue: Error: getaddrinfo ENOTFOUND singapore-keyvalue.render.com
2025-07-21T14:29:57:     at GetAddrInfoReqWrap.onlookup [as oncomplete] (node:dns:111:26) {
2025-07-21T14:29:57:   errno: -3008,
2025-07-21T14:29:57:   code: 'ENOTFOUND',
2025-07-21T14:29:57:   syscall: 'getaddrinfo',
2025-07-21T14:29:57:   hostname: 'singapore-keyvalue.render.com'
2025-07-21T14:29:57: }
2025-07-21T14:29:57: Bull queue error in conformation-email-queue: Error: getaddrinfo ENOTFOUND singapore-keyvalue.render.com
2025-07-21T14:29:57:     at GetAddrInfoReqWrap.onlookup [as oncomplete] (node:dns:111:26) {
2025-07-21T14:29:57:   errno: -3008,
2025-07-21T14:29:57:   code: 'ENOTFOUND',
2025-07-21T14:29:57:   syscall: 'getaddrinfo',
2025-07-21T14:29:57:   hostname: 'singapore-keyvalue.render.com'
2025-07-21T14:29:57: }
2025-07-21T14:29:57: Bull queue error in conformation-email-queue: Error: getaddrinfo ENOTFOUND singapore-keyvalue.render.com
2025-07-21T14:29:57:     at GetAddrInfoReqWrap.onlookup [as oncomplete] (node:dns:111:26) {
2025-07-21T14:29:57:   errno: -3008,
2025-07-21T14:29:57:   code: 'ENOTFOUND',
2025-07-21T14:29:57:   syscall: 'getaddrinfo',
2025-07-21T14:29:57:   hostname: 'singapore-keyvalue.render.com'
2025-07-21T14:29:57: }
2025-07-21T14:29:57: Bull queue error in conformation-email-queue: Error: getaddrinfo ENOTFOUND singapore-keyvalue.render.com
2025-07-21T14:29:57:     at GetAddrInfoReqWrap.onlookup [as oncomplete] (node:dns:111:26) {
2025-07-21T14:29:57:   errno: -3008,
2025-07-21T14:29:57:   code: 'ENOTFOUND',
2025-07-21T14:29:57:   syscall: 'getaddrinfo',
2025-07-21T14:29:57:   hostname: 'singapore-keyvalue.render.com'
2025-07-21T14:29:57: }
2025-07-21T14:29:57: Bull queue error in conformation-email-queue: Error: getaddrinfo ENOTFOUND singapore-keyvalue.render.com
2025-07-21T14:29:57:     at GetAddrInfoReqWrap.onlookup [as oncomplete] (node:dns:111:26) {
2025-07-21T14:29:57:   errno: -3008,
2025-07-21T14:29:57:   code: 'ENOTFOUND',
2025-07-21T14:29:57:   syscall: 'getaddrinfo',
2025-07-21T14:29:57:   hostname: 'singapore-keyvalue.render.com'
2025-07-21T14:29:57: }
2025-07-21T14:29:58: Bull queue error in conformation-email-queue: Error: getaddrinfo ENOTFOUND singapore-keyvalue.render.com
2025-07-21T14:29:58:     at GetAddrInfoReqWrap.onlookup [as oncomplete] (node:dns:111:26) {
2025-07-21T14:29:58:   errno: -3008,
2025-07-21T14:29:58:   code: 'ENOTFOUND',
2025-07-21T14:29:58:   syscall: 'getaddrinfo',
2025-07-21T14:29:58:   hostname: 'singapore-keyvalue.render.com'
2025-07-21T14:29:58: }
2025-07-21T14:29:58: Bull queue error in conformation-email-queue: Error: getaddrinfo ENOTFOUND singapore-keyvalue.render.com
2025-07-21T14:29:58:     at GetAddrInfoReqWrap.onlookup [as oncomplete] (node:dns:111:26) {
2025-07-21T14:29:58:   errno: -3008,
2025-07-21T14:29:58:   code: 'ENOTFOUND',
2025-07-21T14:29:58:   syscall: 'getaddrinfo',
2025-07-21T14:29:58:   hostname: 'singapore-keyvalue.render.com'
2025-07-21T14:29:58: }
2025-07-21T14:29:59: Bull queue error in conformation-email-queue: Error: getaddrinfo ENOTFOUND singapore-keyvalue.render.com
2025-07-21T14:29:59:     at GetAddrInfoReqWrap.onlookup [as oncomplete] (node:dns:111:26) {
2025-07-21T14:29:59:   errno: -3008,
2025-07-21T14:29:59:   code: 'ENOTFOUND',
2025-07-21T14:29:59:   syscall: 'getaddrinfo',
2025-07-21T14:29:59:   hostname: 'singapore-keyvalue.render.com'
2025-07-21T14:29:59: }
2025-07-21T14:29:59: Bull queue error in conformation-email-queue: Error: getaddrinfo ENOTFOUND singapore-keyvalue.render.com
2025-07-21T14:29:59:     at GetAddrInfoReqWrap.onlookup [as oncomplete] (node:dns:111:26) {
2025-07-21T14:29:59:   errno: -3008,
2025-07-21T14:29:59:   code: 'ENOTFOUND',
2025-07-21T14:29:59:   syscall: 'getaddrinfo',
2025-07-21T14:29:59:   hostname: 'singapore-keyvalue.render.com'
2025-07-21T14:29:59: }
2025-07-21T14:30:00: Bull queue error in conformation-email-queue: Error: connect ETIMEDOUT
2025-07-21T14:30:00:     at TLSSocket.<anonymous> (C:\Users\User\Desktop\application-form-backend\node_modules\.pnpm\ioredis@5.6.1\node_modules\ioredis\built\Redis.js:170:41)
2025-07-21T14:30:00:     at Object.onceWrapper (node:events:632:28)
2025-07-21T14:30:00:     at TLSSocket.emit (node:events:518:28)
2025-07-21T14:30:00:     at Socket._onTimeout (node:net:609:8)
2025-07-21T14:30:00:     at listOnTimeout (node:internal/timers:588:17)
2025-07-21T14:30:00:     at process.processTimers (node:internal/timers:523:7) {
2025-07-21T14:30:00:   errorno: 'ETIMEDOUT',
2025-07-21T14:30:00:   code: 'ETIMEDOUT',
2025-07-21T14:30:00:   syscall: 'connect'
2025-07-21T14:30:00: }
