2025-07-21T14:17:27: [dotenv@17.2.0] injecting env (17) from .env (tip: 🛠️  run anywhere with `dotenvx run -- yourcommand`)
2025-07-21T14:17:28: [2025-07-21 08:47:28] DEBUG Creating transport: nodemailer (7.0.5; +https://nodemailer.com/; SMTP/7.0.5[client:7.0.5])
2025-07-21T14:17:32: [2025-07-21 08:47:32] DEBUG [UQ9b5uDbh6I] Resolved smtp-relay.brevo.com as 1.179.116.1 [cache miss]
2025-07-21T14:17:32: [2025-07-21 08:47:32] INFO  [UQ9b5uDbh6I] Connection established to 1.179.116.1:587
2025-07-21T14:17:32: [2025-07-21 08:47:32] DEBUG [UQ9b5uDbh6I] S: 220 smtp-relay.brevo.com ESMTP Service Ready
2025-07-21T14:17:32: [2025-07-21 08:47:32] DEBUG [UQ9b5uDbh6I] C: EHLO [127.0.0.1]
2025-07-21T14:17:33: [2025-07-21 08:47:33] DEBUG [UQ9b5uDbh6I] S: 250-Hello [127.0.0.1]
2025-07-21T14:17:33: [2025-07-21 08:47:33] DEBUG [UQ9b5uDbh6I] S: 250-PIPELINING
2025-07-21T14:17:33: [2025-07-21 08:47:33] DEBUG [UQ9b5uDbh6I] S: 250-8BITMIME
2025-07-21T14:17:33: [2025-07-21 08:47:33] DEBUG [UQ9b5uDbh6I] S: 250-ENHANCEDSTATUSCODES
2025-07-21T14:17:33: [2025-07-21 08:47:33] DEBUG [UQ9b5uDbh6I] S: 250-CHUNKING
2025-07-21T14:17:33: [2025-07-21 08:47:33] DEBUG [UQ9b5uDbh6I] S: 250-STARTTLS
2025-07-21T14:17:33: [2025-07-21 08:47:33] DEBUG [UQ9b5uDbh6I] S: 250-AUTH LOGIN CRAM-MD5 PLAIN
2025-07-21T14:17:33: [2025-07-21 08:47:33] DEBUG [UQ9b5uDbh6I] S: 250 SIZE 20971520
2025-07-21T14:17:33: [2025-07-21 08:47:33] DEBUG [UQ9b5uDbh6I] C: STARTTLS
2025-07-21T14:17:33: [2025-07-21 08:47:33] DEBUG [UQ9b5uDbh6I] S: 220 2.0.0 Ready to start TLS
2025-07-21T14:17:33: [2025-07-21 08:47:33] INFO  [UQ9b5uDbh6I] Connection upgraded with STARTTLS
2025-07-21T14:17:33: [2025-07-21 08:47:33] DEBUG [UQ9b5uDbh6I] C: EHLO [127.0.0.1]
2025-07-21T14:17:33: [2025-07-21 08:47:33] DEBUG [UQ9b5uDbh6I] S: 250-Hello [127.0.0.1]
2025-07-21T14:17:33: [2025-07-21 08:47:33] DEBUG [UQ9b5uDbh6I] S: 250-PIPELINING
2025-07-21T14:17:33: [2025-07-21 08:47:33] DEBUG [UQ9b5uDbh6I] S: 250-8BITMIME
2025-07-21T14:17:33: [2025-07-21 08:47:33] DEBUG [UQ9b5uDbh6I] S: 250-ENHANCEDSTATUSCODES
2025-07-21T14:17:33: [2025-07-21 08:47:33] DEBUG [UQ9b5uDbh6I] S: 250-CHUNKING
2025-07-21T14:17:33: [2025-07-21 08:47:33] DEBUG [UQ9b5uDbh6I] S: 250-AUTH PLAIN LOGIN CRAM-MD5
2025-07-21T14:17:33: [2025-07-21 08:47:33] DEBUG [UQ9b5uDbh6I] S: 250 SIZE 20971520
2025-07-21T14:17:33: [2025-07-21 08:47:33] DEBUG [UQ9b5uDbh6I] SMTP handshake finished
2025-07-21T14:17:33: [2025-07-21 08:47:33] DEBUG [UQ9b5uDbh6I] C: AUTH PLAIN ADc5OWI2ODAwMUBzbXRwLWJyZXZvLmNvbQAvKiBzZWNyZXQgKi8=
2025-07-21T14:17:33: [2025-07-21 08:47:33] DEBUG [UQ9b5uDbh6I] S: 235 2.0.0 Authentication succeeded
2025-07-21T14:17:33: [2025-07-21 08:47:33] INFO  [UQ9b5uDbh6I] User "799b68001@smtp-brevo.com" authenticated
2025-07-21T14:17:33: [2025-07-21 08:47:33] DEBUG [UQ9b5uDbh6I] C: QUIT
2025-07-21T14:17:33: Email transporter is ready to send emails.
2025-07-21T14:17:33: [2025-07-21 08:47:33] DEBUG [UQ9b5uDbh6I] S: 221 2.0.0 Bye
2025-07-21T14:17:33: [2025-07-21 08:47:33] DEBUG [UQ9b5uDbh6I] Closing connection to the server using "end"
2025-07-21T14:17:33: [2025-07-21 08:47:33] INFO  [UQ9b5uDbh6I] Connection closed
2025-07-21T14:27:45: Bull queue error in conformation-email-queue: Error: read ECONNRESET
2025-07-21T14:27:45:     at TLSWrap.onStreamRead (node:internal/stream_base_commons:216:20) {
2025-07-21T14:27:45:   errno: -4077,
2025-07-21T14:27:45:   code: 'ECONNRESET',
2025-07-21T14:27:45:   syscall: 'read'
2025-07-21T14:27:45: }
2025-07-21T14:27:45: Bull queue error in conformation-email-queue: Error: getaddrinfo ENOTFOUND singapore-keyvalue.render.com
2025-07-21T14:27:45:     at GetAddrInfoReqWrap.onlookup [as oncomplete] (node:dns:111:26) {
2025-07-21T14:27:45:   errno: -3008,
2025-07-21T14:27:45:   code: 'ENOTFOUND',
2025-07-21T14:27:45:   syscall: 'getaddrinfo',
2025-07-21T14:27:45:   hostname: 'singapore-keyvalue.render.com'
2025-07-21T14:27:45: }
2025-07-21T14:27:45: Bull queue error in conformation-email-queue: Error: getaddrinfo ENOTFOUND singapore-keyvalue.render.com
2025-07-21T14:27:45:     at GetAddrInfoReqWrap.onlookup [as oncomplete] (node:dns:111:26) {
2025-07-21T14:27:45:   errno: -3008,
2025-07-21T14:27:45:   code: 'ENOTFOUND',
2025-07-21T14:27:45:   syscall: 'getaddrinfo',
2025-07-21T14:27:45:   hostname: 'singapore-keyvalue.render.com'
2025-07-21T14:27:45: }
2025-07-21T14:27:45: Bull queue error in conformation-email-queue: Error: getaddrinfo ENOTFOUND singapore-keyvalue.render.com
2025-07-21T14:27:45:     at GetAddrInfoReqWrap.onlookup [as oncomplete] (node:dns:111:26) {
2025-07-21T14:27:45:   errno: -3008,
2025-07-21T14:27:45:   code: 'ENOTFOUND',
2025-07-21T14:27:45:   syscall: 'getaddrinfo',
2025-07-21T14:27:45:   hostname: 'singapore-keyvalue.render.com'
2025-07-21T14:27:45: }
2025-07-21T14:27:45: Bull queue error in conformation-email-queue: Error: getaddrinfo ENOTFOUND singapore-keyvalue.render.com
2025-07-21T14:27:45:     at GetAddrInfoReqWrap.onlookup [as oncomplete] (node:dns:111:26) {
2025-07-21T14:27:45:   errno: -3008,
2025-07-21T14:27:45:   code: 'ENOTFOUND',
2025-07-21T14:27:45:   syscall: 'getaddrinfo',
2025-07-21T14:27:45:   hostname: 'singapore-keyvalue.render.com'
2025-07-21T14:27:45: }
2025-07-21T14:27:45: Bull queue error in conformation-email-queue: Error: getaddrinfo ENOTFOUND singapore-keyvalue.render.com
2025-07-21T14:27:45:     at GetAddrInfoReqWrap.onlookup [as oncomplete] (node:dns:111:26) {
2025-07-21T14:27:45:   errno: -3008,
2025-07-21T14:27:45:   code: 'ENOTFOUND',
2025-07-21T14:27:45:   syscall: 'getaddrinfo',
2025-07-21T14:27:45:   hostname: 'singapore-keyvalue.render.com'
2025-07-21T14:27:45: }
2025-07-21T14:27:46: Bull queue error in conformation-email-queue: Error: getaddrinfo ENOTFOUND singapore-keyvalue.render.com
2025-07-21T14:27:46:     at GetAddrInfoReqWrap.onlookup [as oncomplete] (node:dns:111:26) {
2025-07-21T14:27:46:   errno: -3008,
2025-07-21T14:27:46:   code: 'ENOTFOUND',
2025-07-21T14:27:46:   syscall: 'getaddrinfo',
2025-07-21T14:27:46:   hostname: 'singapore-keyvalue.render.com'
2025-07-21T14:27:46: }
2025-07-21T14:27:47: Bull queue error in conformation-email-queue: Error: getaddrinfo ENOTFOUND singapore-keyvalue.render.com
2025-07-21T14:27:47:     at GetAddrInfoReqWrap.onlookup [as oncomplete] (node:dns:111:26) {
2025-07-21T14:27:47:   errno: -3008,
2025-07-21T14:27:47:   code: 'ENOTFOUND',
2025-07-21T14:27:47:   syscall: 'getaddrinfo',
2025-07-21T14:27:47:   hostname: 'singapore-keyvalue.render.com'
2025-07-21T14:27:47: }
2025-07-21T14:27:50: Bull queue error in conformation-email-queue: Error: getaddrinfo ENOTFOUND singapore-keyvalue.render.com
2025-07-21T14:27:50:     at GetAddrInfoReqWrap.onlookup [as oncomplete] (node:dns:111:26) {
2025-07-21T14:27:50:   errno: -3008,
2025-07-21T14:27:50:   code: 'ENOTFOUND',
2025-07-21T14:27:50:   syscall: 'getaddrinfo',
2025-07-21T14:27:50:   hostname: 'singapore-keyvalue.render.com'
2025-07-21T14:27:50: }
2025-07-21T14:27:58: Bull queue error in conformation-email-queue: Error: getaddrinfo ENOTFOUND singapore-keyvalue.render.com
2025-07-21T14:27:58:     at GetAddrInfoReqWrap.onlookup [as oncomplete] (node:dns:111:26) {
2025-07-21T14:27:58:   errno: -3008,
2025-07-21T14:27:58:   code: 'ENOTFOUND',
2025-07-21T14:27:58:   syscall: 'getaddrinfo',
2025-07-21T14:27:58:   hostname: 'singapore-keyvalue.render.com'
2025-07-21T14:27:58: }
2025-07-21T14:28:18: Bull queue error in conformation-email-queue: Error: getaddrinfo ENOTFOUND singapore-keyvalue.render.com
2025-07-21T14:28:18:     at GetAddrInfoReqWrap.onlookup [as oncomplete] (node:dns:111:26) {
2025-07-21T14:28:18:   errno: -3008,
2025-07-21T14:28:18:   code: 'ENOTFOUND',
2025-07-21T14:28:18:   syscall: 'getaddrinfo',
2025-07-21T14:28:18:   hostname: 'singapore-keyvalue.render.com'
2025-07-21T14:28:18: }
2025-07-21T14:28:38: Bull queue error in conformation-email-queue: Error: getaddrinfo ENOTFOUND singapore-keyvalue.render.com
2025-07-21T14:28:38:     at GetAddrInfoReqWrap.onlookup [as oncomplete] (node:dns:111:26) {
2025-07-21T14:28:38:   errno: -3008,
2025-07-21T14:28:38:   code: 'ENOTFOUND',
2025-07-21T14:28:38:   syscall: 'getaddrinfo',
2025-07-21T14:28:38:   hostname: 'singapore-keyvalue.render.com'
2025-07-21T14:28:38: }
2025-07-21T14:28:58: Bull queue error in conformation-email-queue: Error: getaddrinfo ENOTFOUND singapore-keyvalue.render.com
2025-07-21T14:28:58:     at GetAddrInfoReqWrap.onlookup [as oncomplete] (node:dns:111:26) {
2025-07-21T14:28:58:   errno: -3008,
2025-07-21T14:28:58:   code: 'ENOTFOUND',
2025-07-21T14:28:58:   syscall: 'getaddrinfo',
2025-07-21T14:28:58:   hostname: 'singapore-keyvalue.render.com'
2025-07-21T14:28:58: }
2025-07-21T14:29:30: Bull queue error in conformation-email-queue: Error: connect ETIMEDOUT
2025-07-21T14:29:30:     at TLSSocket.<anonymous> (C:\Users\User\Desktop\application-form-backend\node_modules\.pnpm\ioredis@5.6.1\node_modules\ioredis\built\Redis.js:170:41)
2025-07-21T14:29:30:     at Object.onceWrapper (node:events:632:28)
2025-07-21T14:29:30:     at TLSSocket.emit (node:events:518:28)
2025-07-21T14:29:30:     at Socket._onTimeout (node:net:609:8)
2025-07-21T14:29:30:     at listOnTimeout (node:internal/timers:588:17)
2025-07-21T14:29:30:     at process.processTimers (node:internal/timers:523:7) {
2025-07-21T14:29:30:   errorno: 'ETIMEDOUT',
2025-07-21T14:29:30:   code: 'ETIMEDOUT',
2025-07-21T14:29:30:   syscall: 'connect'
2025-07-21T14:29:30: }
2025-07-21T14:29:57: Bull queue error in conformation-email-queue: Error: read ECONNRESET
2025-07-21T14:29:57:     at TLSWrap.onStreamRead (node:internal/stream_base_commons:216:20) {
2025-07-21T14:29:57:   errno: -4077,
2025-07-21T14:29:57:   code: 'ECONNRESET',
2025-07-21T14:29:57:   syscall: 'read'
2025-07-21T14:29:57: }
2025-07-21T14:29:57: Bull queue error in conformation-email-queue: Error: read ECONNRESET
2025-07-21T14:29:57:     at TLSWrap.onStreamRead (node:internal/stream_base_commons:216:20) {
2025-07-21T14:29:57:   errno: -4077,
2025-07-21T14:29:57:   code: 'ECONNRESET',
2025-07-21T14:29:57:   syscall: 'read'
2025-07-21T14:29:57: }
2025-07-21T14:29:57: Bull queue error in conformation-email-queue: Error: getaddrinfo ENOTFOUND singapore-keyvalue.render.com
2025-07-21T14:29:57:     at GetAddrInfoReqWrap.onlookup [as oncomplete] (node:dns:111:26) {
2025-07-21T14:29:57:   errno: -3008,
2025-07-21T14:29:57:   code: 'ENOTFOUND',
2025-07-21T14:29:57:   syscall: 'getaddrinfo',
2025-07-21T14:29:57:   hostname: 'singapore-keyvalue.render.com'
2025-07-21T14:29:57: }
2025-07-21T14:29:57: Bull queue error in conformation-email-queue: Error: getaddrinfo ENOTFOUND singapore-keyvalue.render.com
2025-07-21T14:29:57:     at GetAddrInfoReqWrap.onlookup [as oncomplete] (node:dns:111:26) {
2025-07-21T14:29:57:   errno: -3008,
2025-07-21T14:29:57:   code: 'ENOTFOUND',
2025-07-21T14:29:57:   syscall: 'getaddrinfo',
2025-07-21T14:29:57:   hostname: 'singapore-keyvalue.render.com'
2025-07-21T14:29:57: }
2025-07-21T14:29:57: Bull queue error in conformation-email-queue: Error: getaddrinfo ENOTFOUND singapore-keyvalue.render.com
2025-07-21T14:29:57:     at GetAddrInfoReqWrap.onlookup [as oncomplete] (node:dns:111:26) {
2025-07-21T14:29:57:   errno: -3008,
2025-07-21T14:29:57:   code: 'ENOTFOUND',
2025-07-21T14:29:57:   syscall: 'getaddrinfo',
2025-07-21T14:29:57:   hostname: 'singapore-keyvalue.render.com'
2025-07-21T14:29:57: }
2025-07-21T14:29:57: Bull queue error in conformation-email-queue: Error: getaddrinfo ENOTFOUND singapore-keyvalue.render.com
2025-07-21T14:29:57:     at GetAddrInfoReqWrap.onlookup [as oncomplete] (node:dns:111:26) {
2025-07-21T14:29:57:   errno: -3008,
2025-07-21T14:29:57:   code: 'ENOTFOUND',
2025-07-21T14:29:57:   syscall: 'getaddrinfo',
2025-07-21T14:29:57:   hostname: 'singapore-keyvalue.render.com'
2025-07-21T14:29:57: }
2025-07-21T14:29:57: Bull queue error in conformation-email-queue: Error: getaddrinfo ENOTFOUND singapore-keyvalue.render.com
2025-07-21T14:29:57:     at GetAddrInfoReqWrap.onlookup [as oncomplete] (node:dns:111:26) {
2025-07-21T14:29:57:   errno: -3008,
2025-07-21T14:29:57:   code: 'ENOTFOUND',
2025-07-21T14:29:57:   syscall: 'getaddrinfo',
2025-07-21T14:29:57:   hostname: 'singapore-keyvalue.render.com'
2025-07-21T14:29:57: }
2025-07-21T14:29:57: Bull queue error in conformation-email-queue: Error: getaddrinfo ENOTFOUND singapore-keyvalue.render.com
2025-07-21T14:29:57:     at GetAddrInfoReqWrap.onlookup [as oncomplete] (node:dns:111:26) {
2025-07-21T14:29:57:   errno: -3008,
2025-07-21T14:29:57:   code: 'ENOTFOUND',
2025-07-21T14:29:57:   syscall: 'getaddrinfo',
2025-07-21T14:29:57:   hostname: 'singapore-keyvalue.render.com'
2025-07-21T14:29:57: }
2025-07-21T14:29:57: Bull queue error in conformation-email-queue: Error: getaddrinfo ENOTFOUND singapore-keyvalue.render.com
2025-07-21T14:29:57:     at GetAddrInfoReqWrap.onlookup [as oncomplete] (node:dns:111:26) {
2025-07-21T14:29:57:   errno: -3008,
2025-07-21T14:29:57:   code: 'ENOTFOUND',
2025-07-21T14:29:57:   syscall: 'getaddrinfo',
2025-07-21T14:29:57:   hostname: 'singapore-keyvalue.render.com'
2025-07-21T14:29:57: }
2025-07-21T14:29:57: Bull queue error in conformation-email-queue: Error: getaddrinfo ENOTFOUND singapore-keyvalue.render.com
2025-07-21T14:29:57:     at GetAddrInfoReqWrap.onlookup [as oncomplete] (node:dns:111:26) {
2025-07-21T14:29:57:   errno: -3008,
2025-07-21T14:29:57:   code: 'ENOTFOUND',
2025-07-21T14:29:57:   syscall: 'getaddrinfo',
2025-07-21T14:29:57:   hostname: 'singapore-keyvalue.render.com'
2025-07-21T14:29:57: }
2025-07-21T14:29:57: Bull queue error in conformation-email-queue: Error: getaddrinfo ENOTFOUND singapore-keyvalue.render.com
2025-07-21T14:29:57:     at GetAddrInfoReqWrap.onlookup [as oncomplete] (node:dns:111:26) {
2025-07-21T14:29:57:   errno: -3008,
2025-07-21T14:29:57:   code: 'ENOTFOUND',
2025-07-21T14:29:57:   syscall: 'getaddrinfo',
2025-07-21T14:29:57:   hostname: 'singapore-keyvalue.render.com'
2025-07-21T14:29:57: }
2025-07-21T14:29:57: Bull queue error in conformation-email-queue: Error: getaddrinfo ENOTFOUND singapore-keyvalue.render.com
2025-07-21T14:29:57:     at GetAddrInfoReqWrap.onlookup [as oncomplete] (node:dns:111:26) {
2025-07-21T14:29:57:   errno: -3008,
2025-07-21T14:29:57:   code: 'ENOTFOUND',
2025-07-21T14:29:57:   syscall: 'getaddrinfo',
2025-07-21T14:29:57:   hostname: 'singapore-keyvalue.render.com'
2025-07-21T14:29:57: }
2025-07-21T14:29:58: Bull queue error in conformation-email-queue: Error: getaddrinfo ENOTFOUND singapore-keyvalue.render.com
2025-07-21T14:29:58:     at GetAddrInfoReqWrap.onlookup [as oncomplete] (node:dns:111:26) {
2025-07-21T14:29:58:   errno: -3008,
2025-07-21T14:29:58:   code: 'ENOTFOUND',
2025-07-21T14:29:58:   syscall: 'getaddrinfo',
2025-07-21T14:29:58:   hostname: 'singapore-keyvalue.render.com'
2025-07-21T14:29:58: }
2025-07-21T14:29:58: Bull queue error in conformation-email-queue: Error: getaddrinfo ENOTFOUND singapore-keyvalue.render.com
2025-07-21T14:29:58:     at GetAddrInfoReqWrap.onlookup [as oncomplete] (node:dns:111:26) {
2025-07-21T14:29:58:   errno: -3008,
2025-07-21T14:29:58:   code: 'ENOTFOUND',
2025-07-21T14:29:58:   syscall: 'getaddrinfo',
2025-07-21T14:29:58:   hostname: 'singapore-keyvalue.render.com'
2025-07-21T14:29:58: }
2025-07-21T14:29:59: Bull queue error in conformation-email-queue: Error: getaddrinfo ENOTFOUND singapore-keyvalue.render.com
2025-07-21T14:29:59:     at GetAddrInfoReqWrap.onlookup [as oncomplete] (node:dns:111:26) {
2025-07-21T14:29:59:   errno: -3008,
2025-07-21T14:29:59:   code: 'ENOTFOUND',
2025-07-21T14:29:59:   syscall: 'getaddrinfo',
2025-07-21T14:29:59:   hostname: 'singapore-keyvalue.render.com'
2025-07-21T14:29:59: }
2025-07-21T14:29:59: Bull queue error in conformation-email-queue: Error: getaddrinfo ENOTFOUND singapore-keyvalue.render.com
2025-07-21T14:29:59:     at GetAddrInfoReqWrap.onlookup [as oncomplete] (node:dns:111:26) {
2025-07-21T14:29:59:   errno: -3008,
2025-07-21T14:29:59:   code: 'ENOTFOUND',
2025-07-21T14:29:59:   syscall: 'getaddrinfo',
2025-07-21T14:29:59:   hostname: 'singapore-keyvalue.render.com'
2025-07-21T14:29:59: }
2025-07-21T14:30:00: Bull queue error in conformation-email-queue: Error: connect ETIMEDOUT
2025-07-21T14:30:00:     at TLSSocket.<anonymous> (C:\Users\User\Desktop\application-form-backend\node_modules\.pnpm\ioredis@5.6.1\node_modules\ioredis\built\Redis.js:170:41)
2025-07-21T14:30:00:     at Object.onceWrapper (node:events:632:28)
2025-07-21T14:30:00:     at TLSSocket.emit (node:events:518:28)
2025-07-21T14:30:00:     at Socket._onTimeout (node:net:609:8)
2025-07-21T14:30:00:     at listOnTimeout (node:internal/timers:588:17)
2025-07-21T14:30:00:     at process.processTimers (node:internal/timers:523:7) {
2025-07-21T14:30:00:   errorno: 'ETIMEDOUT',
2025-07-21T14:30:00:   code: 'ETIMEDOUT',
2025-07-21T14:30:00:   syscall: 'connect'
2025-07-21T14:30:00: }
