2025-07-21T14:17:27: [dotenv@17.2.0] injecting env (17) from .env (tip: 🛠️  run anywhere with `dotenvx run -- yourcommand`)
2025-07-21T14:17:28: [2025-07-21 08:47:28] DEBUG Creating transport: nodemailer (7.0.5; +https://nodemailer.com/; SMTP/7.0.5[client:7.0.5])
2025-07-21T14:17:32: [2025-07-21 08:47:32] DEBUG [UQ9b5uDbh6I] Resolved smtp-relay.brevo.com as 1.179.116.1 [cache miss]
2025-07-21T14:17:32: [2025-07-21 08:47:32] INFO  [UQ9b5uDbh6I] Connection established to 1.179.116.1:587
2025-07-21T14:17:32: [2025-07-21 08:47:32] DEBUG [UQ9b5uDbh6I] S: 220 smtp-relay.brevo.com ESMTP Service Ready
2025-07-21T14:17:32: [2025-07-21 08:47:32] DEBUG [UQ9b5uDbh6I] C: EHLO [127.0.0.1]
2025-07-21T14:17:33: [2025-07-21 08:47:33] DEBUG [UQ9b5uDbh6I] S: 250-Hello [127.0.0.1]
2025-07-21T14:17:33: [2025-07-21 08:47:33] DEBUG [UQ9b5uDbh6I] S: 250-PIPELINING
2025-07-21T14:17:33: [2025-07-21 08:47:33] DEBUG [UQ9b5uDbh6I] S: 250-8BITMIME
2025-07-21T14:17:33: [2025-07-21 08:47:33] DEBUG [UQ9b5uDbh6I] S: 250-ENHANCEDSTATUSCODES
2025-07-21T14:17:33: [2025-07-21 08:47:33] DEBUG [UQ9b5uDbh6I] S: 250-CHUNKING
2025-07-21T14:17:33: [2025-07-21 08:47:33] DEBUG [UQ9b5uDbh6I] S: 250-STARTTLS
2025-07-21T14:17:33: [2025-07-21 08:47:33] DEBUG [UQ9b5uDbh6I] S: 250-AUTH LOGIN CRAM-MD5 PLAIN
2025-07-21T14:17:33: [2025-07-21 08:47:33] DEBUG [UQ9b5uDbh6I] S: 250 SIZE 20971520
2025-07-21T14:17:33: [2025-07-21 08:47:33] DEBUG [UQ9b5uDbh6I] C: STARTTLS
2025-07-21T14:17:33: [2025-07-21 08:47:33] DEBUG [UQ9b5uDbh6I] S: 220 2.0.0 Ready to start TLS
2025-07-21T14:17:33: [2025-07-21 08:47:33] INFO  [UQ9b5uDbh6I] Connection upgraded with STARTTLS
2025-07-21T14:17:33: [2025-07-21 08:47:33] DEBUG [UQ9b5uDbh6I] C: EHLO [127.0.0.1]
2025-07-21T14:17:33: [2025-07-21 08:47:33] DEBUG [UQ9b5uDbh6I] S: 250-Hello [127.0.0.1]
2025-07-21T14:17:33: [2025-07-21 08:47:33] DEBUG [UQ9b5uDbh6I] S: 250-PIPELINING
2025-07-21T14:17:33: [2025-07-21 08:47:33] DEBUG [UQ9b5uDbh6I] S: 250-8BITMIME
2025-07-21T14:17:33: [2025-07-21 08:47:33] DEBUG [UQ9b5uDbh6I] S: 250-ENHANCEDSTATUSCODES
2025-07-21T14:17:33: [2025-07-21 08:47:33] DEBUG [UQ9b5uDbh6I] S: 250-CHUNKING
2025-07-21T14:17:33: [2025-07-21 08:47:33] DEBUG [UQ9b5uDbh6I] S: 250-AUTH PLAIN LOGIN CRAM-MD5
2025-07-21T14:17:33: [2025-07-21 08:47:33] DEBUG [UQ9b5uDbh6I] S: 250 SIZE 20971520
2025-07-21T14:17:33: [2025-07-21 08:47:33] DEBUG [UQ9b5uDbh6I] SMTP handshake finished
2025-07-21T14:17:33: [2025-07-21 08:47:33] DEBUG [UQ9b5uDbh6I] C: AUTH PLAIN ADc5OWI2ODAwMUBzbXRwLWJyZXZvLmNvbQAvKiBzZWNyZXQgKi8=
2025-07-21T14:17:33: [2025-07-21 08:47:33] DEBUG [UQ9b5uDbh6I] S: 235 2.0.0 Authentication succeeded
2025-07-21T14:17:33: [2025-07-21 08:47:33] INFO  [UQ9b5uDbh6I] User "799b68001@smtp-brevo.com" authenticated
2025-07-21T14:17:33: [2025-07-21 08:47:33] DEBUG [UQ9b5uDbh6I] C: QUIT
2025-07-21T14:17:33: Email transporter is ready to send emails.
2025-07-21T14:17:33: [2025-07-21 08:47:33] DEBUG [UQ9b5uDbh6I] S: 221 2.0.0 Bye
2025-07-21T14:17:33: [2025-07-21 08:47:33] DEBUG [UQ9b5uDbh6I] Closing connection to the server using "end"
2025-07-21T14:17:33: [2025-07-21 08:47:33] INFO  [UQ9b5uDbh6I] Connection closed
